<?xml version="1.0" encoding="UTF-8"?>
<testsuite name="example.micronaut.DeclarativeHttpClientWithJwtTest" tests="1" skipped="0" failures="0" errors="0" timestamp="2022-09-29T10:25:00" hostname="rushad" time="1.221">
  <properties/>
  <testcase name="verifyJwtAuthenticationWorksWithDeclarativeClient()" classname="example.micronaut.DeclarativeHttpClientWithJwtTest" time="1.221"/>
  <system-out><![CDATA[?[36m15:54:59.794?[0;39m ?[1;30m[Test worker]?[0;39m ?[34mINFO ?[0;39m ?[35mi.m.context.env.DefaultEnvironment?[0;39m - Established active environments: [test]
?[36m15:55:00.058?[0;39m ?[1;30m[Test worker]?[0;39m ?[34mINFO ?[0;39m ?[35mcom.zaxxer.hikari.HikariDataSource?[0;39m - HikariPool-1 - Starting...
?[36m15:55:00.250?[0;39m ?[1;30m[Test worker]?[0;39m ?[34mINFO ?[0;39m ?[35mcom.zaxxer.hikari.HikariDataSource?[0;39m - HikariPool-1 - Start completed.
?[36m15:55:01.945?[0;39m ?[1;30m[Test worker]?[0;39m ?[34mINFO ?[0;39m ?[35mcom.zaxxer.hikari.HikariDataSource?[0;39m - HikariPool-1 - Shutdown initiated...
?[36m15:55:01.948?[0;39m ?[1;30m[Test worker]?[0;39m ?[34mINFO ?[0;39m ?[35mcom.zaxxer.hikari.HikariDataSource?[0;39m - HikariPool-1 - Shutdown completed.
]]></system-out>
  <system-err><![CDATA[]]></system-err>
</testsuite>
